<?xml version="1.0" encoding="UTF-8"?>
<coverage generated="1672647802760" clover="3.2.0">
  <project timestamp="1672647802760" name="All files">
    <metrics statements="11" coveredstatements="11" conditionals="3" coveredconditionals="3" methods="4" coveredmethods="4" elements="18" coveredelements="18" complexity="0" loc="11" ncloc="11" packages="1" files="4" classes="4"/>
    <file name="AuthenticationError.js" path="/run/media/prasetyaip/Prasetya/fedora/project/dicoding/forum-api/src/Commons/exceptions/AuthenticationError.js">
      <metrics statements="2" coveredstatements="2" conditionals="0" coveredconditionals="0" methods="1" coveredmethods="1"/>
      <line num="5" count="1" type="stmt"/>
      <line num="6" count="1" type="stmt"/>
    </file>
    <file name="ClientError.js" path="/run/media/prasetyaip/Prasetya/fedora/project/dicoding/forum-api/src/Commons/exceptions/ClientError.js">
      <metrics statements="5" coveredstatements="5" conditionals="3" coveredconditionals="3" methods="1" coveredmethods="1"/>
      <line num="3" count="4" type="stmt"/>
      <line num="4" count="4" type="cond" truecount="2" falsecount="0"/>
      <line num="5" count="1" type="stmt"/>
      <line num="7" count="3" type="stmt"/>
      <line num="8" count="3" type="stmt"/>
    </file>
    <file name="InvariantError.js" path="/run/media/prasetyaip/Prasetya/fedora/project/dicoding/forum-api/src/Commons/exceptions/InvariantError.js">
      <metrics statements="2" coveredstatements="2" conditionals="0" coveredconditionals="0" methods="1" coveredmethods="1"/>
      <line num="5" count="1" type="stmt"/>
      <line num="6" count="1" type="stmt"/>
    </file>
    <file name="NotFoundError.js" path="/run/media/prasetyaip/Prasetya/fedora/project/dicoding/forum-api/src/Commons/exceptions/NotFoundError.js">
      <metrics statements="2" coveredstatements="2" conditionals="0" coveredconditionals="0" methods="1" coveredmethods="1"/>
      <line num="5" count="1" type="stmt"/>
      <line num="6" count="1" type="stmt"/>
    </file>
  </project>
</coverage>
