TN:
SF:src/Commons/exceptions/AuthenticationError.js
FN:4,(anonymous_0)
FNF:1
FNH:1
FNDA:1,(anonymous_0)
DA:5,1
DA:6,1
LF:2
LH:2
BRF:0
BRH:0
end_of_record
TN:
SF:src/Commons/exceptions/ClientError.js
FN:2,(anonymous_0)
FNF:1
FNH:1
FNDA:4,(anonymous_0)
DA:3,4
DA:4,4
DA:5,1
DA:7,3
DA:8,3
LF:5
LH:5
BRDA:2,0,0,2
BRDA:4,1,0,1
BRDA:4,1,1,3
BRF:3
BRH:3
end_of_record
TN:
SF:src/Commons/exceptions/InvariantError.js
FN:4,(anonymous_0)
FNF:1
FNH:1
FNDA:1,(anonymous_0)
DA:5,1
DA:6,1
LF:2
LH:2
BRF:0
BRH:0
end_of_record
TN:
SF:src/Commons/exceptions/NotFoundError.js
FN:4,(anonymous_0)
FNF:1
FNH:1
FNDA:1,(anonymous_0)
DA:5,1
DA:6,1
LF:2
LH:2
BRF:0
BRH:0
end_of_record
